Generated by: lqns, version 6.0
Copyright the Real-Time and Distributed Systems Group,
Department of Systems and Computer Engineering
Carleton University, Ottawa, Ontario, Canada. K1S 5B6

Invoked as: lqns ofbizExample.xml
Input:  ofbizExample.xml
Comment: Generated by PCM2LQN on Thu Jul 17 17:19:50 BST 2014

Convergence test value: 0.000855488
Number of iterations:   2

Solver: 
    Elapsed:     0:00:00.000


    Submodels:  3
    MVA Core():            6
    MVA Step():           67
    MVA Wait():        42540

Processor identifiers and scheduling algorithms:

Processor Name  Type    Copies  Scheduling
FrontEnd_CPU_Processor Uni       1     PS
USAGE_DELAY_Processor Inf       1     DELAY
UsageScenario_userType1_1_Processor Uni       1     FCFS
RequestHandler_HandlerIF_main_345_Processor Uni       1     FCFS
RequestHandler_HandlerIF_login_345_Processor Uni       1     FCFS
RequestHandler_HandlerIF_checkLogin_345_Processor Uni       1     FCFS
RequestHandler_HandlerIF_logout_345_Processor Uni       1     FCFS
UsageScenario_userType2_7_Processor Uni       1     FCFS
RequestHandler_HandlerIF_quickadd_345_Processor Uni       1     FCFS


Task information:

Task Name       Type    Copies  Processor Name  Pri Think Time  Entry List
FrontEnd_CPU_Task Inf       1     FrontEnd_CPU_Processor 0              FrontEnd_CPU_Entry, InternalAction_main__Iu1-wMhoEeKON4DtRoKCMw_34_50_Entry, InternalAction_login__YgxRGw26EeSPwb7XgvxhWQ_34_50_Entry, InternalAction_CheckLogin__vHMZsMhoEeKON4DtRoKCMw_34_50_Entry, InternalAction_logout__j-2E4MhrEeKON4DtRoKCMw_34_50_Entry, InternalAction_addcart__5JEHQMhoEeKON4DtRoKCMw_34_50_Entry
USAGE_DELAY_Task Inf       1     USAGE_DELAY_Processor 0              USAGE_DELAY0_Entry
UsageScenario_userType1_1_Task Ref(10)   1     UsageScenario_userType1_1_Processor 0  10          UsageScenario_userType1_1_Entry : EntryLevelSystemCallcall1checkLogin1, EntryLevelSystemCallcall1checkLogin2, EntryLevelSystemCallcall1login, EntryLevelSystemCallcall1logout, EntryLevelSystemCallcall1main1, EntryLevelSystemCallcall1main2, Start2, Stop6
RequestHandler_HandlerIF_main_345_Task Inf       1     RequestHandler_HandlerIF_main_345_Processor 0              RequestHandler_HandlerIF_main_345_Entry : InternalAction_main__Iu1-wMhoEeKON4DtRoKCMw_34_50, StartAction_start__EkLVIMhoEeKON4DtRoKCMw_34_5, StopAction_stop__EkL8MMhoEeKON4DtRoKCMw_34_5
RequestHandler_HandlerIF_login_345_Task Inf       1     RequestHandler_HandlerIF_login_345_Processor 0              RequestHandler_HandlerIF_login_345_Entry : InternalAction_login__YgxRGw26EeSPwb7XgvxhWQ_34_50, StartAction_aName__XJKk8g26EeSPwb7XgvxhWQ_34_5, StopAction_aName__ae0SIA26EeSPwb7XgvxhWQ_34_5
RequestHandler_HandlerIF_checkLogin_345_Task Inf       1     RequestHandler_HandlerIF_checkLogin_345_Processor 0              RequestHandler_HandlerIF_checkLogin_345_Entry : InternalAction_CheckLogin__vHMZsMhoEeKON4DtRoKCMw_34_50, StartAction_start__EkI44MhoEeKON4DtRoKCMw_34_5, StopAction_stop__EkJf8MhoEeKON4DtRoKCMw_34_5
RequestHandler_HandlerIF_logout_345_Task Inf       1     RequestHandler_HandlerIF_logout_345_Processor 0              RequestHandler_HandlerIF_logout_345_Entry : InternalAction_logout__j-2E4MhrEeKON4DtRoKCMw_34_50, StartAction_start__EkVtMMhoEeKON4DtRoKCMw_34_5, StopAction_stop__EkVtMchoEeKON4DtRoKCMw_34_5
UsageScenario_userType2_7_Task Ref(10)   1     UsageScenario_userType2_7_Processor 0  14          UsageScenario_userType2_7_Entry : EntryLevelSystemCallcall2checkLogin1, EntryLevelSystemCallcall2checkLogin2, EntryLevelSystemCallcall2login, EntryLevelSystemCallcall2logout, EntryLevelSystemCallcall2main1, EntryLevelSystemCallcall2main2, EntryLevelSystemCallcall2main3, EntryLevelSystemCallcall2quickadd, Start8, Stop9
RequestHandler_HandlerIF_quickadd_345_Task Inf       1     RequestHandler_HandlerIF_quickadd_345_Processor 0              RequestHandler_HandlerIF_quickadd_345_Entry : InternalAction_addcart__5JEHQMhoEeKON4DtRoKCMw_34_50, StartAction_start__EkBkIMhoEeKON4DtRoKCMw_34_5, StopAction_stop__EkCLMMhoEeKON4DtRoKCMw_34_5


Entry execution demands:

Task Name       Entry Name      Phase 1     
FrontEnd_CPU_Task FrontEnd_CPU_Entry 0           
                InternalAction_main__Iu1-wMhoEeKON4DtRoKCMw_34_50_Entry 0.01        
                InternalAction_login__YgxRGw26EeSPwb7XgvxhWQ_34_50_Entry 0.01        
                InternalAction_CheckLogin__vHMZsMhoEeKON4DtRoKCMw_34_50_Entry 0.01        
                InternalAction_logout__j-2E4MhrEeKON4DtRoKCMw_34_50_Entry 0.01        
                InternalAction_addcart__5JEHQMhoEeKON4DtRoKCMw_34_50_Entry 0.01        
USAGE_DELAY_Task USAGE_DELAY0_Entry 0           
UsageScenario_userType1_1_Task Activity Name   
                EntryLevelSystemCallcall1checkLogin10           
                EntryLevelSystemCallcall1checkLogin20           
                EntryLevelSystemCallcall1login0           
                EntryLevelSystemCallcall1logout0           
                EntryLevelSystemCallcall1main10           
                EntryLevelSystemCallcall1main20           
                Start2          0           
                Stop6           0           
RequestHandler_HandlerIF_main_345_Task Activity Name   
                InternalAction_main__Iu1-wMhoEeKON4DtRoKCMw_34_500           
                StartAction_start__EkLVIMhoEeKON4DtRoKCMw_34_50           
                StopAction_stop__EkL8MMhoEeKON4DtRoKCMw_34_50           
RequestHandler_HandlerIF_login_345_Task Activity Name   
                InternalAction_login__YgxRGw26EeSPwb7XgvxhWQ_34_500           
                StartAction_aName__XJKk8g26EeSPwb7XgvxhWQ_34_50           
                StopAction_aName__ae0SIA26EeSPwb7XgvxhWQ_34_50           
RequestHandler_HandlerIF_checkLogin_345_Task Activity Name   
                InternalAction_CheckLogin__vHMZsMhoEeKON4DtRoKCMw_34_500           
                StartAction_start__EkI44MhoEeKON4DtRoKCMw_34_50           
                StopAction_stop__EkJf8MhoEeKON4DtRoKCMw_34_50           
RequestHandler_HandlerIF_logout_345_Task Activity Name   
                InternalAction_logout__j-2E4MhrEeKON4DtRoKCMw_34_500           
                StartAction_start__EkVtMMhoEeKON4DtRoKCMw_34_50           
                StopAction_stop__EkVtMchoEeKON4DtRoKCMw_34_50           
UsageScenario_userType2_7_Task Activity Name   
                EntryLevelSystemCallcall2checkLogin10           
                EntryLevelSystemCallcall2checkLogin20           
                EntryLevelSystemCallcall2login0           
                EntryLevelSystemCallcall2logout0           
                EntryLevelSystemCallcall2main10           
                EntryLevelSystemCallcall2main20           
                EntryLevelSystemCallcall2main30           
                EntryLevelSystemCallcall2quickadd0           
                Start8          0           
                Stop9           0           
RequestHandler_HandlerIF_quickadd_345_Task Activity Name   
                InternalAction_addcart__5JEHQMhoEeKON4DtRoKCMw_34_500           
                StartAction_start__EkBkIMhoEeKON4DtRoKCMw_34_50           
                StopAction_stop__EkCLMMhoEeKON4DtRoKCMw_34_50           


Mean number of rendezvous from entry to entry:

Task Name       Source Entry    Target Entry    Phase 1     
UsageScenario_userType1_1_Task                 Activity Name   
                EntryLevelSystemCallcall1checkLogin1 RequestHandler_HandlerIF_checkLogin_345_Entry 1           
                EntryLevelSystemCallcall1checkLogin2 RequestHandler_HandlerIF_checkLogin_345_Entry 1           
                EntryLevelSystemCallcall1login RequestHandler_HandlerIF_login_345_Entry 1           
                EntryLevelSystemCallcall1logout RequestHandler_HandlerIF_logout_345_Entry 1           
                EntryLevelSystemCallcall1main1 RequestHandler_HandlerIF_main_345_Entry 1           
                EntryLevelSystemCallcall1main2 RequestHandler_HandlerIF_main_345_Entry 1           
RequestHandler_HandlerIF_main_345_Task                 Activity Name   
                InternalAction_main__Iu1-wMhoEeKON4DtRoKCMw_34_50 InternalAction_main__Iu1-wMhoEeKON4DtRoKCMw_34_50_Entry 1           
RequestHandler_HandlerIF_login_345_Task                 Activity Name   
                InternalAction_login__YgxRGw26EeSPwb7XgvxhWQ_34_50 InternalAction_login__YgxRGw26EeSPwb7XgvxhWQ_34_50_Entry 1           
RequestHandler_HandlerIF_checkLogin_345_Task                 Activity Name   
                InternalAction_CheckLogin__vHMZsMhoEeKON4DtRoKCMw_34_50 InternalAction_CheckLogin__vHMZsMhoEeKON4DtRoKCMw_34_50_Entry 1           
RequestHandler_HandlerIF_logout_345_Task                 Activity Name   
                InternalAction_logout__j-2E4MhrEeKON4DtRoKCMw_34_50 InternalAction_logout__j-2E4MhrEeKON4DtRoKCMw_34_50_Entry 1           
UsageScenario_userType2_7_Task                 Activity Name   
                EntryLevelSystemCallcall2checkLogin1 RequestHandler_HandlerIF_checkLogin_345_Entry 1           
                EntryLevelSystemCallcall2checkLogin2 RequestHandler_HandlerIF_checkLogin_345_Entry 1           
                EntryLevelSystemCallcall2login RequestHandler_HandlerIF_login_345_Entry 1           
                EntryLevelSystemCallcall2logout RequestHandler_HandlerIF_logout_345_Entry 1           
                EntryLevelSystemCallcall2main1 RequestHandler_HandlerIF_main_345_Entry 1           
                EntryLevelSystemCallcall2main2 RequestHandler_HandlerIF_main_345_Entry 1           
                EntryLevelSystemCallcall2main3 RequestHandler_HandlerIF_main_345_Entry 1           
                EntryLevelSystemCallcall2quickadd RequestHandler_HandlerIF_quickadd_345_Entry 1           
RequestHandler_HandlerIF_quickadd_345_Task                 Activity Name   
                InternalAction_addcart__5JEHQMhoEeKON4DtRoKCMw_34_50 InternalAction_addcart__5JEHQMhoEeKON4DtRoKCMw_34_50_Entry 1           


Phase type flags:
All phases are stochastic.


Squared coefficient of variation of execution segments:
All executable segments are exponential.


Open arrival rates per entry:
All open arrival rates are 0.


Type 1 throughput bounds: 

Task Name       Entry Name      Throughput  
FrontEnd_CPU_Task FrontEnd_CPU_Entry 0           
                InternalAction_main__Iu1-wMhoEeKON4DtRoKCMw_34_50_Entry 100         
                InternalAction_login__YgxRGw26EeSPwb7XgvxhWQ_34_50_Entry 100         
                InternalAction_CheckLogin__vHMZsMhoEeKON4DtRoKCMw_34_50_Entry 100         
                InternalAction_logout__j-2E4MhrEeKON4DtRoKCMw_34_50_Entry 100         
                InternalAction_addcart__5JEHQMhoEeKON4DtRoKCMw_34_50_Entry 100         
USAGE_DELAY_Task USAGE_DELAY0_Entry 0           
UsageScenario_userType1_1_Task UsageScenario_userType1_1_Entry 0.994036    
RequestHandler_HandlerIF_main_345_Task RequestHandler_HandlerIF_main_345_Entry 100         
RequestHandler_HandlerIF_login_345_Task RequestHandler_HandlerIF_login_345_Entry 100         
RequestHandler_HandlerIF_checkLogin_345_Task RequestHandler_HandlerIF_checkLogin_345_Entry 100         
RequestHandler_HandlerIF_logout_345_Task RequestHandler_HandlerIF_logout_345_Entry 100         
UsageScenario_userType2_7_Task UsageScenario_userType2_7_Entry 0.710227    
RequestHandler_HandlerIF_quickadd_345_Task RequestHandler_HandlerIF_quickadd_345_Entry 100         


Mean delay for a rendezvous:

Task Name       Source Entry    Target Entry    Phase 1     
UsageScenario_userType1_1_Task                 Activity Name   
                EntryLevelSystemCallcall1checkLogin1 RequestHandler_HandlerIF_checkLogin_345_Entry 0           
                EntryLevelSystemCallcall1checkLogin2 RequestHandler_HandlerIF_checkLogin_345_Entry 0           
                EntryLevelSystemCallcall1login RequestHandler_HandlerIF_login_345_Entry 0           
                EntryLevelSystemCallcall1logout RequestHandler_HandlerIF_logout_345_Entry 0           
                EntryLevelSystemCallcall1main1 RequestHandler_HandlerIF_main_345_Entry 0           
                EntryLevelSystemCallcall1main2 RequestHandler_HandlerIF_main_345_Entry 0           
RequestHandler_HandlerIF_main_345_Task                 Activity Name   
                InternalAction_main__Iu1-wMhoEeKON4DtRoKCMw_34_50 InternalAction_main__Iu1-wMhoEeKON4DtRoKCMw_34_50_Entry 0           
RequestHandler_HandlerIF_login_345_Task                 Activity Name   
                InternalAction_login__YgxRGw26EeSPwb7XgvxhWQ_34_50 InternalAction_login__YgxRGw26EeSPwb7XgvxhWQ_34_50_Entry 0           
RequestHandler_HandlerIF_checkLogin_345_Task                 Activity Name   
                InternalAction_CheckLogin__vHMZsMhoEeKON4DtRoKCMw_34_50 InternalAction_CheckLogin__vHMZsMhoEeKON4DtRoKCMw_34_50_Entry 0           
RequestHandler_HandlerIF_logout_345_Task                 Activity Name   
                InternalAction_logout__j-2E4MhrEeKON4DtRoKCMw_34_50 InternalAction_logout__j-2E4MhrEeKON4DtRoKCMw_34_50_Entry 0           
UsageScenario_userType2_7_Task                 Activity Name   
                EntryLevelSystemCallcall2checkLogin1 RequestHandler_HandlerIF_checkLogin_345_Entry 0           
                EntryLevelSystemCallcall2checkLogin2 RequestHandler_HandlerIF_checkLogin_345_Entry 0           
                EntryLevelSystemCallcall2login RequestHandler_HandlerIF_login_345_Entry 0           
                EntryLevelSystemCallcall2logout RequestHandler_HandlerIF_logout_345_Entry 0           
                EntryLevelSystemCallcall2main1 RequestHandler_HandlerIF_main_345_Entry 0           
                EntryLevelSystemCallcall2main2 RequestHandler_HandlerIF_main_345_Entry 0           
                EntryLevelSystemCallcall2main3 RequestHandler_HandlerIF_main_345_Entry 0           
                EntryLevelSystemCallcall2quickadd RequestHandler_HandlerIF_quickadd_345_Entry 0           
RequestHandler_HandlerIF_quickadd_345_Task                 Activity Name   
                InternalAction_addcart__5JEHQMhoEeKON4DtRoKCMw_34_50 InternalAction_addcart__5JEHQMhoEeKON4DtRoKCMw_34_50_Entry 0           


Service times:

Task Name       Entry Name      Phase 1     
FrontEnd_CPU_Task FrontEnd_CPU_Entry 0           
                InternalAction_main__Iu1-wMhoEeKON4DtRoKCMw_34_50_Entry 0.0112295   
                InternalAction_login__YgxRGw26EeSPwb7XgvxhWQ_34_50_Entry 0.0112295   
                InternalAction_CheckLogin__vHMZsMhoEeKON4DtRoKCMw_34_50_Entry 0.0112295   
                InternalAction_logout__j-2E4MhrEeKON4DtRoKCMw_34_50_Entry 0.0112295   
                InternalAction_addcart__5JEHQMhoEeKON4DtRoKCMw_34_50_Entry 0.0112295   
USAGE_DELAY_Task USAGE_DELAY0_Entry 0           
UsageScenario_userType1_1_Task UsageScenario_userType1_1_Entry 0.06        
                Activity Name   
                EntryLevelSystemCallcall1checkLogin1 0.01        
                EntryLevelSystemCallcall1checkLogin2 0.01        
                EntryLevelSystemCallcall1login 0.01        
                EntryLevelSystemCallcall1logout 0.01        
                EntryLevelSystemCallcall1main1 0.01        
                EntryLevelSystemCallcall1main2 0.01        
                Start2          0           
                Stop6           0           
RequestHandler_HandlerIF_main_345_Task RequestHandler_HandlerIF_main_345_Entry 0.0106144   
                Activity Name   
                InternalAction_main__Iu1-wMhoEeKON4DtRoKCMw_34_50 0.0106144   
                StartAction_start__EkLVIMhoEeKON4DtRoKCMw_34_5 0           
                StopAction_stop__EkL8MMhoEeKON4DtRoKCMw_34_5 0           
RequestHandler_HandlerIF_login_345_Task RequestHandler_HandlerIF_login_345_Entry 0.0106144   
                Activity Name   
                InternalAction_login__YgxRGw26EeSPwb7XgvxhWQ_34_50 0.0106144   
                StartAction_aName__XJKk8g26EeSPwb7XgvxhWQ_34_5 0           
                StopAction_aName__ae0SIA26EeSPwb7XgvxhWQ_34_5 0           
RequestHandler_HandlerIF_checkLogin_345_Task RequestHandler_HandlerIF_checkLogin_345_Entry 0.0106144   
                Activity Name   
                InternalAction_CheckLogin__vHMZsMhoEeKON4DtRoKCMw_34_50 0.0106144   
                StartAction_start__EkI44MhoEeKON4DtRoKCMw_34_5 0           
                StopAction_stop__EkJf8MhoEeKON4DtRoKCMw_34_5 0           
RequestHandler_HandlerIF_logout_345_Task RequestHandler_HandlerIF_logout_345_Entry 0.0106144   
                Activity Name   
                InternalAction_logout__j-2E4MhrEeKON4DtRoKCMw_34_50 0.0106144   
                StartAction_start__EkVtMMhoEeKON4DtRoKCMw_34_5 0           
                StopAction_stop__EkVtMchoEeKON4DtRoKCMw_34_5 0           
UsageScenario_userType2_7_Task UsageScenario_userType2_7_Entry 0.08        
                Activity Name   
                EntryLevelSystemCallcall2checkLogin1 0.01        
                EntryLevelSystemCallcall2checkLogin2 0.01        
                EntryLevelSystemCallcall2login 0.01        
                EntryLevelSystemCallcall2logout 0.01        
                EntryLevelSystemCallcall2main1 0.01        
                EntryLevelSystemCallcall2main2 0.01        
                EntryLevelSystemCallcall2main3 0.01        
                EntryLevelSystemCallcall2quickadd 0.01        
                Start8          0           
                Stop9           0           
RequestHandler_HandlerIF_quickadd_345_Task RequestHandler_HandlerIF_quickadd_345_Entry 0.0106144   
                Activity Name   
                InternalAction_addcart__5JEHQMhoEeKON4DtRoKCMw_34_50 0.0106144   
                StartAction_start__EkBkIMhoEeKON4DtRoKCMw_34_5 0           
                StopAction_stop__EkCLMMhoEeKON4DtRoKCMw_34_5 0           


Service time variance (per phase)
and squared coefficient of variation (over all phases):

Task Name       Entry Name      Phase 1     coeff of var **2
FrontEnd_CPU_Task FrontEnd_CPU_Entry 0           0           
                InternalAction_main__Iu1-wMhoEeKON4DtRoKCMw_34_50_Entry 0.000101513 0.805013    
                InternalAction_login__YgxRGw26EeSPwb7XgvxhWQ_34_50_Entry 0.000101513 0.805013    
                InternalAction_CheckLogin__vHMZsMhoEeKON4DtRoKCMw_34_50_Entry 0.000101513 0.805013    
                InternalAction_logout__j-2E4MhrEeKON4DtRoKCMw_34_50_Entry 0.000101513 0.805013    
                InternalAction_addcart__5JEHQMhoEeKON4DtRoKCMw_34_50_Entry 0.000101513 0.805013    
USAGE_DELAY_Task USAGE_DELAY0_Entry 0           0           
UsageScenario_userType1_1_Task UsageScenario_userType1_1_Entry 0.003       0.833333    
                Activity Name   
                EntryLevelSystemCallcall1checkLogin1 0.0005      
                EntryLevelSystemCallcall1checkLogin2 0.0005      
                EntryLevelSystemCallcall1login 0.0005      
                EntryLevelSystemCallcall1logout 0.0005      
                EntryLevelSystemCallcall1main1 0.0005      
                EntryLevelSystemCallcall1main2 0.0005      
                Start2          0           
                Stop6           0           
RequestHandler_HandlerIF_main_345_Task RequestHandler_HandlerIF_main_345_Entry 0.0003      2.66275     
                Activity Name   
                InternalAction_main__Iu1-wMhoEeKON4DtRoKCMw_34_50 0.0003      
                StartAction_start__EkLVIMhoEeKON4DtRoKCMw_34_5 0           
                StopAction_stop__EkL8MMhoEeKON4DtRoKCMw_34_5 0           
RequestHandler_HandlerIF_login_345_Task RequestHandler_HandlerIF_login_345_Entry 0.0003      2.66275     
                Activity Name   
                InternalAction_login__YgxRGw26EeSPwb7XgvxhWQ_34_50 0.0003      
                StartAction_aName__XJKk8g26EeSPwb7XgvxhWQ_34_5 0           
                StopAction_aName__ae0SIA26EeSPwb7XgvxhWQ_34_5 0           
RequestHandler_HandlerIF_checkLogin_345_Task RequestHandler_HandlerIF_checkLogin_345_Entry 0.0003      2.66275     
                Activity Name   
                InternalAction_CheckLogin__vHMZsMhoEeKON4DtRoKCMw_34_50 0.0003      
                StartAction_start__EkI44MhoEeKON4DtRoKCMw_34_5 0           
                StopAction_stop__EkJf8MhoEeKON4DtRoKCMw_34_5 0           
RequestHandler_HandlerIF_logout_345_Task RequestHandler_HandlerIF_logout_345_Entry 0.0003      2.66275     
                Activity Name   
                InternalAction_logout__j-2E4MhrEeKON4DtRoKCMw_34_50 0.0003      
                StartAction_start__EkVtMMhoEeKON4DtRoKCMw_34_5 0           
                StopAction_stop__EkVtMchoEeKON4DtRoKCMw_34_5 0           
UsageScenario_userType2_7_Task UsageScenario_userType2_7_Entry 0.004       0.625       
                Activity Name   
                EntryLevelSystemCallcall2checkLogin1 0.0005      
                EntryLevelSystemCallcall2checkLogin2 0.0005      
                EntryLevelSystemCallcall2login 0.0005      
                EntryLevelSystemCallcall2logout 0.0005      
                EntryLevelSystemCallcall2main1 0.0005      
                EntryLevelSystemCallcall2main2 0.0005      
                EntryLevelSystemCallcall2main3 0.0005      
                EntryLevelSystemCallcall2quickadd 0.0005      
                Start8          0           
                Stop9           0           
RequestHandler_HandlerIF_quickadd_345_Task RequestHandler_HandlerIF_quickadd_345_Entry 0.0003      2.66275     
                Activity Name   
                InternalAction_addcart__5JEHQMhoEeKON4DtRoKCMw_34_50 0.0003      
                StartAction_start__EkBkIMhoEeKON4DtRoKCMw_34_5 0           
                StopAction_stop__EkCLMMhoEeKON4DtRoKCMw_34_5 0           


Throughputs and utilizations per phase:

Task Name       Entry Name      Throughput  Phase 1     Total       
FrontEnd_CPU_Task FrontEnd_CPU_Entry 0           0           0
                InternalAction_main__Iu1-wMhoEeKON4DtRoKCMw_34_50_Entry 4.11771     0.0462398   0.0462398
                InternalAction_login__YgxRGw26EeSPwb7XgvxhWQ_34_50_Entry 1.70408     0.019136    0.019136
                InternalAction_CheckLogin__vHMZsMhoEeKON4DtRoKCMw_34_50_Entry 3.40781     0.038268    0.038268
                InternalAction_logout__j-2E4MhrEeKON4DtRoKCMw_34_50_Entry 1.70408     0.019136    0.019136
                InternalAction_addcart__5JEHQMhoEeKON4DtRoKCMw_34_50_Entry 0.710165    0.0079748   0.0079748
Total:                          11.6439     0.130755    0.130755
USAGE_DELAY_Task USAGE_DELAY0_Entry 0           0           0
UsageScenario_userType1_1_Task UsageScenario_userType1_1_Entry 0.994036    0.0596421   0.0596421
                Activity Name   
                EntryLevelSystemCallcall1checkLogin1 0.994036    0.00994036  
                EntryLevelSystemCallcall1checkLogin2 0.994036    0.00994036  
                EntryLevelSystemCallcall1login 0.994036    0.00994036  
                EntryLevelSystemCallcall1logout 0.994036    0.00994036  
                EntryLevelSystemCallcall1main1 0.994036    0.00994036  
                EntryLevelSystemCallcall1main2 0.994036    0.00994036  
                Start2          0.994036    0           
                Stop6           0.994036    0           
RequestHandler_HandlerIF_main_345_Task RequestHandler_HandlerIF_main_345_Entry 4.11875     0.0437181   0.0437181
                Activity Name   
                InternalAction_main__Iu1-wMhoEeKON4DtRoKCMw_34_50 4.11875     0.0437181   
                StartAction_start__EkLVIMhoEeKON4DtRoKCMw_34_5 4.11875     0           
                StopAction_stop__EkL8MMhoEeKON4DtRoKCMw_34_5 4.11875     0           
RequestHandler_HandlerIF_login_345_Task RequestHandler_HandlerIF_login_345_Entry 1.70426     0.0180897   0.0180897
                Activity Name   
                InternalAction_login__YgxRGw26EeSPwb7XgvxhWQ_34_50 1.70426     0.0180897   
                StartAction_aName__XJKk8g26EeSPwb7XgvxhWQ_34_5 1.70426     0           
                StopAction_aName__ae0SIA26EeSPwb7XgvxhWQ_34_5 1.70426     0           
RequestHandler_HandlerIF_checkLogin_345_Task RequestHandler_HandlerIF_checkLogin_345_Entry 3.40853     0.0361794   0.0361794
                Activity Name   
                InternalAction_CheckLogin__vHMZsMhoEeKON4DtRoKCMw_34_50 3.40853     0.0361794   
                StartAction_start__EkI44MhoEeKON4DtRoKCMw_34_5 3.40853     0           
                StopAction_stop__EkJf8MhoEeKON4DtRoKCMw_34_5 3.40853     0           
RequestHandler_HandlerIF_logout_345_Task RequestHandler_HandlerIF_logout_345_Entry 1.70426     0.0180897   0.0180897
                Activity Name   
                InternalAction_logout__j-2E4MhrEeKON4DtRoKCMw_34_50 1.70426     0.0180897   
                StartAction_start__EkVtMMhoEeKON4DtRoKCMw_34_5 1.70426     0           
                StopAction_stop__EkVtMchoEeKON4DtRoKCMw_34_5 1.70426     0           
UsageScenario_userType2_7_Task UsageScenario_userType2_7_Entry 0.710227    0.0568182   0.0568182
                Activity Name   
                EntryLevelSystemCallcall2checkLogin1 0.710227    0.00710227  
                EntryLevelSystemCallcall2checkLogin2 0.710227    0.00710227  
                EntryLevelSystemCallcall2login 0.710227    0.00710227  
                EntryLevelSystemCallcall2logout 0.710227    0.00710227  
                EntryLevelSystemCallcall2main1 0.710227    0.00710227  
                EntryLevelSystemCallcall2main2 0.710227    0.00710227  
                EntryLevelSystemCallcall2main3 0.710227    0.00710227  
                EntryLevelSystemCallcall2quickadd 0.710227    0.00710227  
                Start8          0.710227    0           
                Stop9           0.710227    0           
RequestHandler_HandlerIF_quickadd_345_Task RequestHandler_HandlerIF_quickadd_345_Entry 0.710227    0.00753863  0.00753863
                Activity Name   
                InternalAction_addcart__5JEHQMhoEeKON4DtRoKCMw_34_50 0.710227    0.00753863  
                StartAction_start__EkBkIMhoEeKON4DtRoKCMw_34_5 0.710227    0           
                StopAction_stop__EkCLMMhoEeKON4DtRoKCMw_34_5 0.710227    0           


Utilization and waiting per phase for processor:  FrontEnd_CPU_Processor

Task Name       Pri n   Entry Name      Utilization Phase 1     
FrontEnd_CPU_Task 0   1   FrontEnd_CPU_Entry 0           0           
                        InternalAction_main__Iu1-wMhoEeKON4DtRoKCMw_34_50_Entry 0.0411771   0.00123021  
                        InternalAction_login__YgxRGw26EeSPwb7XgvxhWQ_34_50_Entry 0.0170408   0.00123021  
                        InternalAction_CheckLogin__vHMZsMhoEeKON4DtRoKCMw_34_50_Entry 0.0340781   0.00123021  
                        InternalAction_logout__j-2E4MhrEeKON4DtRoKCMw_34_50_Entry 0.0170408   0.00123021  
                        InternalAction_addcart__5JEHQMhoEeKON4DtRoKCMw_34_50_Entry 0.00710165  0.00123021  
Task Total:                             0.116439    


Utilization and waiting per phase for processor:  USAGE_DELAY_Processor

Task Name       Pri n   Entry Name      Utilization Phase 1     
USAGE_DELAY_Task 0   1   USAGE_DELAY0_Entry 0           0           


Utilization and waiting per phase for processor:  UsageScenario_userType1_1_Processor

Task Name       Pri n   Entry Name      Utilization Phase 1     
UsageScenario_userType1_1_Task 0   10  UsageScenario_userType1_1_Entry 0           0           
                        Activity Name   
                        EntryLevelSystemCallcall1checkLogin1 0           0           
                        EntryLevelSystemCallcall1checkLogin2 0           0           
                        EntryLevelSystemCallcall1login 0           0           
                        EntryLevelSystemCallcall1logout 0           0           
                        EntryLevelSystemCallcall1main1 0           0           
                        EntryLevelSystemCallcall1main2 0           0           
                        Start2          0           0           
                        Stop6           0           0           
Task Total:                             0           


Utilization and waiting per phase for processor:  RequestHandler_HandlerIF_main_345_Processor

Task Name       Pri n   Entry Name      Utilization Phase 1     
RequestHandler_HandlerIF_main_345_Task 0   1   RequestHandler_HandlerIF_main_345_Entry 0           0           
                        Activity Name   
                        InternalAction_main__Iu1-wMhoEeKON4DtRoKCMw_34_50 0           0           
                        StartAction_start__EkLVIMhoEeKON4DtRoKCMw_34_5 0           0           
                        StopAction_stop__EkL8MMhoEeKON4DtRoKCMw_34_5 0           0           
Task Total:                             0           


Utilization and waiting per phase for processor:  RequestHandler_HandlerIF_login_345_Processor

Task Name       Pri n   Entry Name      Utilization Phase 1     
RequestHandler_HandlerIF_login_345_Task 0   1   RequestHandler_HandlerIF_login_345_Entry 0           0           
                        Activity Name   
                        InternalAction_login__YgxRGw26EeSPwb7XgvxhWQ_34_50 0           0           
                        StartAction_aName__XJKk8g26EeSPwb7XgvxhWQ_34_5 0           0           
                        StopAction_aName__ae0SIA26EeSPwb7XgvxhWQ_34_5 0           0           
Task Total:                             0           


Utilization and waiting per phase for processor:  RequestHandler_HandlerIF_checkLogin_345_Processor

Task Name       Pri n   Entry Name      Utilization Phase 1     
RequestHandler_HandlerIF_checkLogin_345_Task 0   1   RequestHandler_HandlerIF_checkLogin_345_Entry 0           0           
                        Activity Name   
                        InternalAction_CheckLogin__vHMZsMhoEeKON4DtRoKCMw_34_50 0           0           
                        StartAction_start__EkI44MhoEeKON4DtRoKCMw_34_5 0           0           
                        StopAction_stop__EkJf8MhoEeKON4DtRoKCMw_34_5 0           0           
Task Total:                             0           


Utilization and waiting per phase for processor:  RequestHandler_HandlerIF_logout_345_Processor

Task Name       Pri n   Entry Name      Utilization Phase 1     
RequestHandler_HandlerIF_logout_345_Task 0   1   RequestHandler_HandlerIF_logout_345_Entry 0           0           
                        Activity Name   
                        InternalAction_logout__j-2E4MhrEeKON4DtRoKCMw_34_50 0           0           
                        StartAction_start__EkVtMMhoEeKON4DtRoKCMw_34_5 0           0           
                        StopAction_stop__EkVtMchoEeKON4DtRoKCMw_34_5 0           0           
Task Total:                             0           


Utilization and waiting per phase for processor:  UsageScenario_userType2_7_Processor

Task Name       Pri n   Entry Name      Utilization Phase 1     
UsageScenario_userType2_7_Task 0   10  UsageScenario_userType2_7_Entry 0           0           
                        Activity Name   
                        EntryLevelSystemCallcall2checkLogin1 0           0           
                        EntryLevelSystemCallcall2checkLogin2 0           0           
                        EntryLevelSystemCallcall2login 0           0           
                        EntryLevelSystemCallcall2logout 0           0           
                        EntryLevelSystemCallcall2main1 0           0           
                        EntryLevelSystemCallcall2main2 0           0           
                        EntryLevelSystemCallcall2main3 0           0           
                        EntryLevelSystemCallcall2quickadd 0           0           
                        Start8          0           0           
                        Stop9           0           0           
Task Total:                             0           


Utilization and waiting per phase for processor:  RequestHandler_HandlerIF_quickadd_345_Processor

Task Name       Pri n   Entry Name      Utilization Phase 1     
RequestHandler_HandlerIF_quickadd_345_Task 0   1   RequestHandler_HandlerIF_quickadd_345_Entry 0           0           
                        Activity Name   
                        InternalAction_addcart__5JEHQMhoEeKON4DtRoKCMw_34_50 0           0           
                        StartAction_start__EkBkIMhoEeKON4DtRoKCMw_34_5 0           0           
                        StopAction_stop__EkCLMMhoEeKON4DtRoKCMw_34_5 0           0           
Task Total:                             0           
